<?xml version="1.0" encoding="UTF-8"?>
<!-- Generated by org.testng.reporters.JUnitReportReporter -->
<testsuite hostname="DESKTOP-B2Q3J0A" failures="0" tests="1" name="com.restassured.Getuser" time="2.359" errors="0" timestamp="2024-03-15T11:21:33 IST" skipped="0">
  <testcase classname="com.restassured.Getuser" name="getUsers" time="2.359"/>
  <system-out/>
</testsuite> <!-- com.restassured.Getuser -->
